# JRE version: OpenJDK Runtime Environment (8.0_152-b02) (build 1.8.0_152-release-1024-b02)
# Java VM: OpenJDK 64-Bit Server VM (25.152-b02 mixed mode windows-amd64 compressed oops)
Heap:
 PSYoungGen      total 428032K, used 320747K [0x00000000e0000000, 0x0000000100000000, 0x0000000100000000)
  eden space 385536K, 81% used [0x00000000e0000000,0x00000000f322a550,0x00000000f7880000)
  from space 42496K, 17% used [0x00000000f7880000,0x00000000f7f90878,0x00000000fa200000)
  to   space 41984K, 0% used [0x00000000fd700000,0x00000000fd700000,0x0000000100000000)
 ParOldGen       total 129536K, used 80772K [0x00000000a0000000, 0x00000000a7e80000, 0x00000000e0000000)
  object space 129536K, 62% used [0x00000000a0000000,0x00000000a4ee12d0,0x00000000a7e80000)
 Metaspace       used 79308K, capacity 82878K, committed 83072K, reserved 1122304K
  class space    used 10135K, capacity 10838K, committed 10880K, reserved 1048576K
GC Heap History (10 events):
Event: 178.666 GC heap before
{Heap before GC invocations=12 (full 3):
 PSYoungGen      total 366080K, used 345600K [0x00000000e0000000, 0x00000000f8200000, 0x0000000100000000)
  eden space 345600K, 100% used [0x00000000e0000000,0x00000000f5180000,0x00000000f5180000)
  from space 20480K, 0% used [0x00000000f6980000,0x00000000f6980000,0x00000000f7d80000)
  to   space 24576K, 0% used [0x00000000f5180000,0x00000000f5180000,0x00000000f6980000)
 ParOldGen       total 129536K, used 34862K [0x00000000a0000000, 0x00000000a7e80000, 0x00000000e0000000)
  object space 129536K, 26% used [0x00000000a0000000,0x00000000a220b918,0x00000000a7e80000)
 Metaspace       used 73829K, capacity 76588K, committed 76800K, reserved 1116160K
  class space    used 9820K, capacity 10417K, committed 10496K, reserved 1048576K
Event: 178.706 GC heap after
Heap after GC invocations=12 (full 3):
 PSYoungGen      total 370176K, used 23889K [0x00000000e0000000, 0x00000000fc780000, 0x0000000100000000)
  eden space 345600K, 0% used [0x00000000e0000000,0x00000000e0000000,0x00000000f5180000)
  from space 24576K, 97% used [0x00000000f5180000,0x00000000f68d44e8,0x00000000f6980000)
  to   space 28160K, 0% used [0x00000000fac00000,0x00000000fac00000,0x00000000fc780000)
 ParOldGen       total 129536K, used 34870K [0x00000000a0000000, 0x00000000a7e80000, 0x00000000e0000000)
  object space 129536K, 26% used [0x00000000a0000000,0x00000000a220d918,0x00000000a7e80000)
 Metaspace       used 73829K, capacity 76588K, committed 76800K, reserved 1116160K
  class space    used 9820K, capacity 10417K, committed 10496K, reserved 1048576K
}
Event: 396.591 GC heap before
{Heap before GC invocations=13 (full 3):
 PSYoungGen      total 370176K, used 369489K [0x00000000e0000000, 0x00000000fc780000, 0x0000000100000000)
  eden space 345600K, 100% used [0x00000000e0000000,0x00000000f5180000,0x00000000f5180000)
  from space 24576K, 97% used [0x00000000f5180000,0x00000000f68d44e8,0x00000000f6980000)
  to   space 28160K, 0% used [0x00000000fac00000,0x00000000fac00000,0x00000000fc780000)
 ParOldGen       total 129536K, used 34870K [0x00000000a0000000, 0x00000000a7e80000, 0x00000000e0000000)
  object space 129536K, 26% used [0x00000000a0000000,0x00000000a220d918,0x00000000a7e80000)
 Metaspace       used 75481K, capacity 78586K, committed 78720K, reserved 1118208K
  class space    used 9867K, capacity 10498K, committed 10624K, reserved 1048576K
Event: 396.618 GC heap after
Heap after GC invocations=13 (full 3):
 PSYoungGen      total 349696K, used 17462K [0x00000000e0000000, 0x00000000fbd80000, 0x0000000100000000)
  eden space 331776K, 0% used [0x00000000e0000000,0x00000000e0000000,0x00000000f4400000)
  from space 17920K, 97% used [0x00000000fac00000,0x00000000fbd0d9d0,0x00000000fbd80000)
  to   space 28160K, 0% used [0x00000000f8680000,0x00000000f8680000,0x00000000fa200000)
 ParOldGen       total 129536K, used 34878K [0x00000000a0000000, 0x00000000a7e80000, 0x00000000e0000000)
  object space 129536K, 26% used [0x00000000a0000000,0x00000000a220f918,0x00000000a7e80000)
 Metaspace       used 75481K, capacity 78586K, committed 78720K, reserved 1118208K
  class space    used 9867K, capacity 10498K, committed 10624K, reserved 1048576K
}
Event: 465.110 GC heap before
{Heap before GC invocations=14 (full 3):
 PSYoungGen      total 349696K, used 349238K [0x00000000e0000000, 0x00000000fbd80000, 0x0000000100000000)
  eden space 331776K, 100% used [0x00000000e0000000,0x00000000f4400000,0x00000000f4400000)
  from space 17920K, 97% used [0x00000000fac00000,0x00000000fbd0d9d0,0x00000000fbd80000)
  to   space 28160K, 0% used [0x00000000f8680000,0x00000000f8680000,0x00000000fa200000)
 ParOldGen       total 129536K, used 34878K [0x00000000a0000000, 0x00000000a7e80000, 0x00000000e0000000)
  object space 129536K, 26% used [0x00000000a0000000,0x00000000a220f918,0x00000000a7e80000)
 Metaspace       used 77928K, capacity 81368K, committed 81408K, reserved 1120256K
  class space    used 10049K, capacity 10735K, committed 10752K, reserved 1048576K
Event: 465.165 GC heap after
Heap after GC invocations=14 (full 3):
 PSYoungGen      total 347136K, used 28151K [0x00000000e0000000, 0x00000000fac80000, 0x0000000100000000)
  eden space 318976K, 0% used [0x00000000e0000000,0x00000000e0000000,0x00000000f3780000)
  from space 28160K, 99% used [0x00000000f8680000,0x00000000fa1fdf88,0x00000000fa200000)
  to   space 10752K, 0% used [0x00000000fa200000,0x00000000fa200000,0x00000000fac80000)
 ParOldGen       total 129536K, used 50138K [0x00000000a0000000, 0x00000000a7e80000, 0x00000000e0000000)
  object space 129536K, 38% used [0x00000000a0000000,0x00000000a30f6910,0x00000000a7e80000)
 Metaspace       used 77928K, capacity 81368K, committed 81408K, reserved 1120256K
  class space    used 10049K, capacity 10735K, committed 10752K, reserved 1048576K
}
Event: 466.914 GC heap before
{Heap before GC invocations=15 (full 3):
 PSYoungGen      total 347136K, used 346323K [0x00000000e0000000, 0x00000000fac80000, 0x0000000100000000)
  eden space 318976K, 99% used [0x00000000e0000000,0x00000000f36b6c90,0x00000000f3780000)
  from space 28160K, 99% used [0x00000000f8680000,0x00000000fa1fdf88,0x00000000fa200000)
  to   space 10752K, 0% used [0x00000000fa200000,0x00000000fa200000,0x00000000fac80000)
 ParOldGen       total 129536K, used 50138K [0x00000000a0000000, 0x00000000a7e80000, 0x00000000e0000000)
  object space 129536K, 38% used [0x00000000a0000000,0x00000000a30f6910,0x00000000a7e80000)
 Metaspace       used 78336K, capacity 81926K, committed 82048K, reserved 1120256K
  class space    used 10072K, capacity 10784K, committed 10880K, reserved 1048576K
Event: 466.969 GC heap after
Heap after GC invocations=15 (full 3):
 PSYoungGen      total 396288K, used 10727K [0x00000000e0000000, 0x00000000fd480000, 0x0000000100000000)
  eden space 385536K, 0% used [0x00000000e0000000,0x00000000e0000000,0x00000000f7880000)
  from space 10752K, 99% used [0x00000000fa200000,0x00000000fac79f58,0x00000000fac80000)
  to   space 42496K, 0% used [0x00000000f7880000,0x00000000f7880000,0x00000000fa200000)
 ParOldGen       total 129536K, used 73859K [0x00000000a0000000, 0x00000000a7e80000, 0x00000000e0000000)
  object space 129536K, 57% used [0x00000000a0000000,0x00000000a4820fd8,0x00000000a7e80000)
 Metaspace       used 78336K, capacity 81926K, committed 82048K, reserved 1120256K
  class space    used 10072K, capacity 10784K, committed 10880K, reserved 1048576K
}
Event: 533.018 GC heap before
{Heap before GC invocations=16 (full 3):
 PSYoungGen      total 396288K, used 396263K [0x00000000e0000000, 0x00000000fd480000, 0x0000000100000000)
  eden space 385536K, 100% used [0x00000000e0000000,0x00000000f7880000,0x00000000f7880000)
  from space 10752K, 99% used [0x00000000fa200000,0x00000000fac79f58,0x00000000fac80000)
  to   space 42496K, 0% used [0x00000000f7880000,0x00000000f7880000,0x00000000fa200000)
 ParOldGen       total 129536K, used 73859K [0x00000000a0000000, 0x00000000a7e80000, 0x00000000e0000000)
  object space 129536K, 57% used [0x00000000a0000000,0x00000000a4820fd8,0x00000000a7e80000)
 Metaspace       used 78727K, capacity 82260K, committed 82560K, reserved 1120256K
  class space    used 10108K, capacity 10795K, committed 10880K, reserved 1048576K
Event: 533.058 GC heap after
Heap after GC invocations=16 (full 3):
 PSYoungGen      total 428032K, used 7234K [0x00000000e0000000, 0x0000000100000000, 0x0000000100000000)
  eden space 385536K, 0% used [0x00000000e0000000,0x00000000e0000000,0x00000000f7880000)
  from space 42496K, 17% used [0x00000000f7880000,0x00000000f7f90878,0x00000000fa200000)
  to   space 41984K, 0% used [0x00000000fd700000,0x00000000fd700000,0x0000000100000000)
 ParOldGen       total 129536K, used 80772K [0x00000000a0000000, 0x00000000a7e80000, 0x00000000e0000000)
  object space 129536K, 62% used [0x00000000a0000000,0x00000000a4ee12d0,0x00000000a7e80000)
 Metaspace       used 78727K, capacity 82260K, committed 82560K, reserved 1120256K
  class space    used 10108K, capacity 10795K, committed 10880K, reserved 1048576K
}

